<?xml version="1.0" encoding="UTF-8"?>
<!-- Generated by org.testng.reporters.JUnitReportReporter -->
<testsuite hostname="user-PC" failures="0" tests="5" name="scenario2Testcases.AdminTest" time="15.413" errors="0" timestamp="2024-01-06T18:27:33 IST" skipped="0">
  <testcase classname="scenario2Testcases.AdminTest" name="getOptions" time="0.653"/>
  <system-out/>
  <testcase classname="scenario2Testcases.AdminTest" name="adminClickTest" time="3.686"/>
  <system-out/>
  <testcase classname="scenario2Testcases.AdminTest" name="searchByUserName" time="3.902"/>
  <system-out/>
  <testcase classname="scenario2Testcases.AdminTest" name="searchByUserRole" time="3.870"/>
  <system-out/>
  <testcase classname="scenario2Testcases.AdminTest" name="searchByUserStatus" time="3.302"/>
  <system-out/>
</testsuite> <!-- scenario2Testcases.AdminTest -->
