<?xml version="1.0" encoding="UTF-8"?>
<!-- Generated by org.testng.reporters.JUnitReportReporter -->
<testsuite hostname="user-PC" failures="0" tests="1" name="scenario2Testcases.LoginTest" time="7.182" errors="0" timestamp="2024-01-06T15:06:59 IST" skipped="0">
  <testcase classname="scenario2Testcases.LoginTest" name="loginTest" time="7.182"/>
  <system-out/>
</testsuite> <!-- scenario2Testcases.LoginTest -->
