<?xml version="1.0" encoding="UTF-8"?>
<!-- Generated by org.testng.reporters.JUnitReportReporter -->
<testsuite hostname="user-PC" failures="0" tests="5" name="scenario2Testcases.AdminTest" time="19.946" errors="0" timestamp="2024-01-07T23:19:14 IST" skipped="0">
  <testcase classname="scenario2Testcases.AdminTest" name="getOptions" time="1.577"/>
  <system-out/>
  <testcase classname="scenario2Testcases.AdminTest" name="adminClickTest" time="4.635"/>
  <system-out/>
  <testcase classname="scenario2Testcases.AdminTest" name="searchByUserName" time="4.537"/>
  <system-out/>
  <testcase classname="scenario2Testcases.AdminTest" name="searchByUserRole" time="4.582"/>
  <system-out/>
  <testcase classname="scenario2Testcases.AdminTest" name="searchByUserStatus" time="4.615"/>
  <system-out/>
</testsuite> <!-- scenario2Testcases.AdminTest -->
